app/build/outputs/logs/manifest-merger-debug-report.txt
-- Merging decision tree log ---
manifest
ADDED from src/main/AndroidManifest.xml:2:1-196:12
	package
		ADDED from src/main/AndroidManifest.xml:3:5-37
		INJECTED from src/main/AndroidManifest.xml
		INJECTED from src/main/AndroidManifest.xml
	android:versionName
		ADDED from src/main/AndroidManifest.xml:5:5-30
		INJECTED from src/main/AndroidManifest.xml
		INJECTED from src/main/AndroidManifest.xml
	android:versionCode
		ADDED from src/main/AndroidManifest.xml:4:5-28
		INJECTED from src/main/AndroidManifest.xml
		INJECTED from src/main/AndroidManifest.xml
	xmlns:android
		ADDED from src/main/AndroidManifest.xml:2:11-69
uses-permission#android.permission.WRITE_EXTERNAL_STORAGE
ADDED from src/main/AndroidManifest.xml:7:5-81
	android:name
		ADDED from src/main/AndroidManifest.xml:7:22-78
uses-permission#android.permission.ACCESS_NETWORK_STATE
ADDED from src/main/AndroidManifest.xml:8:5-79
	android:name
		ADDED from src/main/AndroidManifest.xml:8:22-76
uses-permission#android.permission.INTERNET
ADDED from src/main/AndroidManifest.xml:9:5-67
	android:name
		ADDED from src/main/AndroidManifest.xml:9:22-64
uses-permission#android.permission.SET_WALLPAPER
ADDED from src/main/AndroidManifest.xml:10:5-72
	android:name
		ADDED from src/main/AndroidManifest.xml:10:22-69
uses-permission#android.permission.VIBRATE
ADDED from src/main/AndroidManifest.xml:11:5-66
	android:name
		ADDED from src/main/AndroidManifest.xml:11:22-63
uses-permission#android.permission.CAMERA
ADDED from src/main/AndroidManifest.xml:12:5-64
	android:name
		ADDED from src/main/AndroidManifest.xml:12:22-62
uses-feature#android.hardware.camera
ADDED from src/main/AndroidManifest.xml:13:2-57
	android:name
		ADDED from src/main/AndroidManifest.xml:13:16-54
uses-sdk
ADDED from src/main/AndroidManifest.xml:14:5-16:41
MERGED from [com.android.support:appcompat-v7:22.2.1] AndroidManifest.xml:20:5-43
MERGED from [com.android.support:support-v4:22.2.1] AndroidManifest.xml:20:5-43
	android:targetSdkVersion
		ADDED from src/main/AndroidManifest.xml:16:9-38
		INJECTED from src/main/AndroidManifest.xml
		INJECTED from src/main/AndroidManifest.xml
	android:minSdkVersion
		ADDED from src/main/AndroidManifest.xml:15:9-35
		INJECTED from src/main/AndroidManifest.xml
		INJECTED from src/main/AndroidManifest.xml
application
ADDED from src/main/AndroidManifest.xml:18:5-194:19
MERGED from [com.android.support:appcompat-v7:22.2.1] AndroidManifest.xml:22:5-20
MERGED from [com.android.support:support-v4:22.2.1] AndroidManifest.xml:22:5-20
	android:screenOrientation
		ADDED from src/main/AndroidManifest.xml:23:9-45
	android:label
		ADDED from src/main/AndroidManifest.xml:21:9-41
	android:allowBackup
		ADDED from src/main/AndroidManifest.xml:19:9-35
	android:icon
		ADDED from src/main/AndroidManifest.xml:20:9-38
	android:theme
		ADDED from src/main/AndroidManifest.xml:22:9-40
activity#com.example.puzzlegame.MainActivity44
ADDED from src/main/AndroidManifest.xml:24:9-33:20
	android:screenOrientation
		ADDED from src/main/AndroidManifest.xml:27:13-49
	android:label
		ADDED from src/main/AndroidManifest.xml:26:13-45
	android:name
		ADDED from src/main/AndroidManifest.xml:25:13-43
intent-filter#android.intent.action.MAINACTIVITY44+android.intent.category.DEFAULT
ADDED from src/main/AndroidManifest.xml:28:13-32:29
action#android.intent.action.MAINACTIVITY44
ADDED from src/main/AndroidManifest.xml:29:17-79
	android:name
		ADDED from src/main/AndroidManifest.xml:29:25-76
category#android.intent.category.DEFAULT
ADDED from src/main/AndroidManifest.xml:31:17-76
	android:name
		ADDED from src/main/AndroidManifest.xml:31:27-73
activity#com.dm.zbar.android.scanner.ZBarScannerActivity
ADDED from src/main/AndroidManifest.xml:35:9-37:44
	android:screenOrientation
		ADDED from src/main/AndroidManifest.xml:36:9-46
	android:label
		ADDED from src/main/AndroidManifest.xml:37:9-41
	android:name
		ADDED from src/main/AndroidManifest.xml:35:19-81
activity#com.example.puzzlegame.MainActivity444
ADDED from src/main/AndroidManifest.xml:39:9-48:20
	android:screenOrientation
		ADDED from src/main/AndroidManifest.xml:42:13-49
	android:label
		ADDED from src/main/AndroidManifest.xml:41:13-45
	android:name
		ADDED from src/main/AndroidManifest.xml:40:13-44
intent-filter#android.intent.action.MAINACTIVITY444+android.intent.category.DEFAULT
ADDED from src/main/AndroidManifest.xml:43:13-47:29
action#android.intent.action.MAINACTIVITY444
ADDED from src/main/AndroidManifest.xml:44:17-80
	android:name
		ADDED from src/main/AndroidManifest.xml:44:25-77
activity#com.example.puzzlegame.CustomMaze4
ADDED from src/main/AndroidManifest.xml:50:9-59:20
	android:screenOrientation
		ADDED from src/main/AndroidManifest.xml:53:13-49
	android:label
		ADDED from src/main/AndroidManifest.xml:52:13-45
	android:name
		ADDED from src/main/AndroidManifest.xml:51:13-40
intent-filter#android.intent.action.CUSTOMMAZE4+android.intent.category.DEFAULT
ADDED from src/main/AndroidManifest.xml:54:13-58:29
action#android.intent.action.CUSTOMMAZE4
ADDED from src/main/AndroidManifest.xml:55:17-76
	android:name
		ADDED from src/main/AndroidManifest.xml:55:25-73
activity#com.example.puzzlegame.CustomMaze3
ADDED from src/main/AndroidManifest.xml:61:9-70:20
	android:screenOrientation
		ADDED from src/main/AndroidManifest.xml:64:13-49
	android:label
		ADDED from src/main/AndroidManifest.xml:63:13-45
	android:name
		ADDED from src/main/AndroidManifest.xml:62:13-40
intent-filter#android.intent.action.CUSTOMMAZE3+android.intent.category.DEFAULT
ADDED from src/main/AndroidManifest.xml:65:13-69:29
action#android.intent.action.CUSTOMMAZE3
ADDED from src/main/AndroidManifest.xml:66:17-76
	android:name
		ADDED from src/main/AndroidManifest.xml:66:25-73
activity#com.example.puzzlegame.CustomMaze
ADDED from src/main/AndroidManifest.xml:72:9-81:20
	android:screenOrientation
		ADDED from src/main/AndroidManifest.xml:75:13-49
	android:label
		ADDED from src/main/AndroidManifest.xml:74:13-45
	android:name
		ADDED from src/main/AndroidManifest.xml:73:13-39
intent-filter#android.intent.action.CUSTOMMAZE+android.intent.category.DEFAULT
ADDED from src/main/AndroidManifest.xml:76:13-80:29
action#android.intent.action.CUSTOMMAZE
ADDED from src/main/AndroidManifest.xml:77:17-75
	android:name
		ADDED from src/main/AndroidManifest.xml:77:25-72
activity#com.example.puzzlegame.CustomImg
ADDED from src/main/AndroidManifest.xml:83:9-92:20
	android:screenOrientation
		ADDED from src/main/AndroidManifest.xml:86:13-49
	android:label
		ADDED from src/main/AndroidManifest.xml:85:13-45
	android:name
		ADDED from src/main/AndroidManifest.xml:84:13-38
intent-filter#android.intent.action.CUSTOMIMG+android.intent.category.DEFAULT
ADDED from src/main/AndroidManifest.xml:87:13-91:29
action#android.intent.action.CUSTOMIMG
ADDED from src/main/AndroidManifest.xml:88:17-74
	android:name
		ADDED from src/main/AndroidManifest.xml:88:25-71
activity#com.example.puzzlegame.Fourth
ADDED from src/main/AndroidManifest.xml:94:9-103:20
	android:screenOrientation
		ADDED from src/main/AndroidManifest.xml:97:13-49
	android:label
		ADDED from src/main/AndroidManifest.xml:96:13-45
	android:name
		ADDED from src/main/AndroidManifest.xml:95:13-35
intent-filter#android.intent.action.FOURTH+android.intent.category.DEFAULT
ADDED from src/main/AndroidManifest.xml:98:13-102:29
action#android.intent.action.FOURTH
ADDED from src/main/AndroidManifest.xml:99:17-71
	android:name
		ADDED from src/main/AndroidManifest.xml:99:25-68
activity#com.example.puzzlegame.Third44
ADDED from src/main/AndroidManifest.xml:105:9-114:20
	android:screenOrientation
		ADDED from src/main/AndroidManifest.xml:108:13-49
	android:label
		ADDED from src/main/AndroidManifest.xml:107:13-45
	android:name
		ADDED from src/main/AndroidManifest.xml:106:13-36
intent-filter#android.intent.action.THIRD44+android.intent.category.DEFAULT
ADDED from src/main/AndroidManifest.xml:109:13-113:29
action#android.intent.action.THIRD44
ADDED from src/main/AndroidManifest.xml:110:17-72
	android:name
		ADDED from src/main/AndroidManifest.xml:110:25-69
activity#com.example.puzzlegame.Second44
ADDED from src/main/AndroidManifest.xml:116:9-125:20
	android:screenOrientation
		ADDED from src/main/AndroidManifest.xml:119:13-49
	android:label
		ADDED from src/main/AndroidManifest.xml:118:13-45
	android:name
		ADDED from src/main/AndroidManifest.xml:117:13-37
intent-filter#android.intent.action.SECOND44+android.intent.category.DEFAULT
ADDED from src/main/AndroidManifest.xml:120:13-124:29
action#android.intent.action.SECOND44
ADDED from src/main/AndroidManifest.xml:121:17-73
	android:name
		ADDED from src/main/AndroidManifest.xml:121:25-70
activity#com.example.puzzlegame.MainActivity
ADDED from src/main/AndroidManifest.xml:127:9-136:20
	android:screenOrientation
		ADDED from src/main/AndroidManifest.xml:130:13-49
	android:label
		ADDED from src/main/AndroidManifest.xml:129:13-45
	android:name
		ADDED from src/main/AndroidManifest.xml:128:13-41
intent-filter#android.intent.action.MAINACTIVITY+android.intent.category.DEFAULT
ADDED from src/main/AndroidManifest.xml:131:13-135:29
action#android.intent.action.MAINACTIVITY
ADDED from src/main/AndroidManifest.xml:132:17-77
	android:name
		ADDED from src/main/AndroidManifest.xml:132:25-74
activity#com.example.puzzlegame.FirstActivity
ADDED from src/main/AndroidManifest.xml:138:9-147:20
	android:screenOrientation
		ADDED from src/main/AndroidManifest.xml:141:13-49
	android:label
		ADDED from src/main/AndroidManifest.xml:140:13-45
	android:name
		ADDED from src/main/AndroidManifest.xml:139:13-42
intent-filter#android.intent.action.MAIN+android.intent.category.LAUNCHER
ADDED from src/main/AndroidManifest.xml:142:13-146:29
action#android.intent.action.MAIN
ADDED from src/main/AndroidManifest.xml:143:17-69
	android:name
		ADDED from src/main/AndroidManifest.xml:143:25-66
category#android.intent.category.LAUNCHER
ADDED from src/main/AndroidManifest.xml:145:17-77
	android:name
		ADDED from src/main/AndroidManifest.xml:145:27-74
activity#com.example.puzzlegame.MazeSelect
ADDED from src/main/AndroidManifest.xml:149:9-158:20
	android:screenOrientation
		ADDED from src/main/AndroidManifest.xml:152:13-49
	android:label
		ADDED from src/main/AndroidManifest.xml:151:13-45
	android:name
		ADDED from src/main/AndroidManifest.xml:150:13-39
intent-filter#android.intent.action.MAZESELECT+android.intent.category.DEFAULT
ADDED from src/main/AndroidManifest.xml:153:13-157:29
action#android.intent.action.MAZESELECT
ADDED from src/main/AndroidManifest.xml:154:17-75
	android:name
		ADDED from src/main/AndroidManifest.xml:154:25-72
activity#com.example.puzzlegame.Second
ADDED from src/main/AndroidManifest.xml:160:9-169:20
	android:screenOrientation
		ADDED from src/main/AndroidManifest.xml:163:13-49
	android:label
		ADDED from src/main/AndroidManifest.xml:162:13-45
	android:name
		ADDED from src/main/AndroidManifest.xml:161:13-35
intent-filter#android.intent.action.SECOND+android.intent.category.DEFAULT
ADDED from src/main/AndroidManifest.xml:164:13-168:29
action#android.intent.action.SECOND
ADDED from src/main/AndroidManifest.xml:165:17-71
	android:name
		ADDED from src/main/AndroidManifest.xml:165:25-68
activity#com.example.puzzlegame.Third
ADDED from src/main/AndroidManifest.xml:171:9-180:20
	android:screenOrientation
		ADDED from src/main/AndroidManifest.xml:174:13-49
	android:label
		ADDED from src/main/AndroidManifest.xml:173:13-45
	android:name
		ADDED from src/main/AndroidManifest.xml:172:13-34
intent-filter#android.intent.action.THIRD+android.intent.category.DEFAULT
ADDED from src/main/AndroidManifest.xml:175:13-179:29
action#android.intent.action.THIRD
ADDED from src/main/AndroidManifest.xml:176:17-70
	android:name
		ADDED from src/main/AndroidManifest.xml:176:25-67
activity#com.example.puzzlegame.GameComplete
ADDED from src/main/AndroidManifest.xml:182:9-192:20
	android:screenOrientation
		ADDED from src/main/AndroidManifest.xml:185:13-49
	android:label
		ADDED from src/main/AndroidManifest.xml:184:13-45
	android:name
		ADDED from src/main/AndroidManifest.xml:183:13-41
intent-filter#android.intent.action.GAMECOMPLETE+android.intent.category.DEFAULT
ADDED from src/main/AndroidManifest.xml:187:13-191:29
action#android.intent.action.GAMECOMPLETE
ADDED from src/main/AndroidManifest.xml:188:17-77
	android:name
		ADDED from src/main/AndroidManifest.xml:188:25-74